<?xml version="1.0" encoding="UTF-8"?>
<coverage generated="1727393426469" clover="3.2.0">
  <project timestamp="1727393426470" name="All files">
    <metrics statements="796" coveredstatements="359" conditionals="512" coveredconditionals="204" methods="184" coveredmethods="54" elements="1492" coveredelements="617" complexity="0" loc="796" ncloc="796" packages="2" files="8" classes="8"/>
    <package name="src">
      <metrics statements="178" coveredstatements="0" conditionals="136" coveredconditionals="0" methods="61" coveredmethods="0"/>
      <file name="App.vue" path="/mnt/c/Users/imivu/Videos/Spearow-cs344/frontend/src/App.vue">
        <metrics statements="178" coveredstatements="0" conditionals="136" coveredconditionals="0" methods="61" coveredmethods="0"/>
        <line num="3" count="0" type="stmt"/>
        <line num="4" count="0" type="stmt"/>
        <line num="7" count="0" type="stmt"/>
        <line num="8" count="0" type="stmt"/>
        <line num="9" count="0" type="stmt"/>
        <line num="10" count="0" type="stmt"/>
        <line num="11" count="0" type="stmt"/>
        <line num="12" count="0" type="stmt"/>
        <line num="13" count="0" type="stmt"/>
        <line num="14" count="0" type="stmt"/>
        <line num="15" count="0" type="stmt"/>
        <line num="16" count="0" type="stmt"/>
        <line num="17" count="0" type="stmt"/>
        <line num="18" count="0" type="stmt"/>
        <line num="19" count="0" type="stmt"/>
        <line num="20" count="0" type="stmt"/>
        <line num="21" count="0" type="stmt"/>
        <line num="22" count="0" type="stmt"/>
        <line num="35" count="0" type="stmt"/>
        <line num="36" count="0" type="stmt"/>
        <line num="37" count="0" type="stmt"/>
        <line num="38" count="0" type="stmt"/>
        <line num="39" count="0" type="stmt"/>
        <line num="42" count="0" type="stmt"/>
        <line num="43" count="0" type="cond" truecount="0" falsecount="2"/>
        <line num="44" count="0" type="cond" truecount="0" falsecount="4"/>
        <line num="45" count="0" type="stmt"/>
        <line num="52" count="0" type="stmt"/>
        <line num="53" count="0" type="stmt"/>
        <line num="55" count="0" type="stmt"/>
        <line num="56" count="0" type="stmt"/>
        <line num="57" count="0" type="stmt"/>
        <line num="63" count="0" type="stmt"/>
        <line num="69" count="0" type="stmt"/>
        <line num="70" count="0" type="stmt"/>
        <line num="71" count="0" type="stmt"/>
        <line num="73" count="0" type="stmt"/>
        <line num="74" count="0" type="stmt"/>
        <line num="84" count="0" type="stmt"/>
        <line num="85" count="0" type="stmt"/>
        <line num="86" count="0" type="stmt"/>
        <line num="88" count="0" type="stmt"/>
        <line num="91" count="0" type="stmt"/>
        <line num="92" count="0" type="cond" truecount="0" falsecount="2"/>
        <line num="93" count="0" type="stmt"/>
        <line num="94" count="0" type="stmt"/>
        <line num="95" count="0" type="stmt"/>
        <line num="97" count="0" type="cond" truecount="0" falsecount="4"/>
        <line num="98" count="0" type="stmt"/>
        <line num="100" count="0" type="stmt"/>
        <line num="102" count="0" type="cond" truecount="0" falsecount="2"/>
        <line num="103" count="0" type="cond" truecount="0" falsecount="2"/>
        <line num="105" count="0" type="stmt"/>
        <line num="106" count="0" type="stmt"/>
        <line num="115" count="0" type="stmt"/>
        <line num="116" count="0" type="stmt"/>
        <line num="118" count="0" type="stmt"/>
        <line num="119" count="0" type="cond" truecount="0" falsecount="2"/>
        <line num="121" count="0" type="stmt"/>
        <line num="129" count="0" type="stmt"/>
        <line num="130" count="0" type="stmt"/>
        <line num="134" count="0" type="stmt"/>
        <line num="135" count="0" type="stmt"/>
        <line num="136" count="0" type="stmt"/>
        <line num="139" count="0" type="stmt"/>
        <line num="140" count="0" type="stmt"/>
        <line num="141" count="0" type="stmt"/>
        <line num="144" count="0" type="stmt"/>
        <line num="145" count="0" type="stmt"/>
        <line num="146" count="0" type="stmt"/>
        <line num="151" count="0" type="stmt"/>
        <line num="152" count="0" type="stmt"/>
        <line num="155" count="0" type="stmt"/>
        <line num="156" count="0" type="stmt"/>
        <line num="157" count="0" type="cond" truecount="0" falsecount="2"/>
        <line num="158" count="0" type="stmt"/>
        <line num="161" count="0" type="stmt"/>
        <line num="164" count="0" type="stmt"/>
        <line num="165" count="0" type="stmt"/>
        <line num="167" count="0" type="stmt"/>
        <line num="168" count="0" type="stmt"/>
        <line num="169" count="0" type="stmt"/>
        <line num="170" count="0" type="stmt"/>
        <line num="171" count="0" type="stmt"/>
        <line num="172" count="0" type="stmt"/>
        <line num="180" count="0" type="stmt"/>
        <line num="181" count="0" type="stmt"/>
        <line num="184" count="0" type="stmt"/>
        <line num="185" count="0" type="stmt"/>
        <line num="192" count="0" type="stmt"/>
        <line num="194" count="0" type="stmt"/>
        <line num="215" count="0" type="stmt"/>
        <line num="217" count="0" type="stmt"/>
        <line num="218" count="0" type="stmt"/>
        <line num="221" count="0" type="stmt"/>
        <line num="222" count="0" type="stmt"/>
        <line num="223" count="0" type="stmt"/>
        <line num="224" count="0" type="stmt"/>
        <line num="227" count="0" type="stmt"/>
        <line num="230" count="0" type="stmt"/>
        <line num="233" count="0" type="stmt"/>
        <line num="236" count="0" type="stmt"/>
        <line num="239" count="0" type="stmt"/>
        <line num="243" count="0" type="stmt"/>
        <line num="246" count="0" type="stmt"/>
        <line num="249" count="0" type="stmt"/>
        <line num="256" count="0" type="stmt"/>
        <line num="259" count="0" type="stmt"/>
        <line num="262" count="0" type="stmt"/>
        <line num="266" count="0" type="stmt"/>
        <line num="269" count="0" type="stmt"/>
        <line num="272" count="0" type="stmt"/>
        <line num="275" count="0" type="stmt"/>
        <line num="279" count="0" type="stmt"/>
        <line num="286" count="0" type="stmt"/>
        <line num="289" count="0" type="stmt"/>
        <line num="293" count="0" type="stmt"/>
        <line num="296" count="0" type="stmt"/>
        <line num="299" count="0" type="stmt"/>
        <line num="302" count="0" type="stmt"/>
        <line num="305" count="0" type="stmt"/>
        <line num="309" count="0" type="stmt"/>
        <line num="312" count="0" type="stmt"/>
        <line num="315" count="0" type="stmt"/>
        <line num="319" count="0" type="stmt"/>
        <line num="320" count="0" type="stmt"/>
        <line num="321" count="0" type="stmt"/>
        <line num="322" count="0" type="stmt"/>
        <line num="323" count="0" type="stmt"/>
        <line num="324" count="0" type="stmt"/>
        <line num="325" count="0" type="stmt"/>
        <line num="326" count="0" type="stmt"/>
        <line num="327" count="0" type="stmt"/>
        <line num="328" count="0" type="stmt"/>
        <line num="329" count="0" type="cond" truecount="0" falsecount="2"/>
        <line num="333" count="0" type="cond" truecount="0" falsecount="2"/>
        <line num="338" count="0" type="cond" truecount="0" falsecount="2"/>
        <line num="352" count="0" type="stmt"/>
        <line num="353" count="0" type="stmt"/>
        <line num="358" count="0" type="cond" truecount="0" falsecount="2"/>
        <line num="369" count="0" type="cond" truecount="0" falsecount="2"/>
        <line num="374" count="0" type="stmt"/>
        <line num="381" count="0" type="cond" truecount="0" falsecount="2"/>
        <line num="386" count="0" type="cond" truecount="0" falsecount="2"/>
        <line num="398" count="0" type="stmt"/>
        <line num="401" count="0" type="cond" truecount="0" falsecount="4"/>
        <line num="406" count="0" type="cond" truecount="0" falsecount="4"/>
        <line num="411" count="0" type="cond" truecount="0" falsecount="2"/>
        <line num="416" count="0" type="cond" truecount="0" falsecount="2"/>
        <line num="422" count="0" type="cond" truecount="0" falsecount="2"/>
        <line num="427" count="0" type="cond" truecount="0" falsecount="2"/>
        <line num="429" count="0" type="cond" truecount="0" falsecount="2"/>
        <line num="435" count="0" type="cond" truecount="0" falsecount="2"/>
        <line num="438" count="0" type="cond" truecount="0" falsecount="2"/>
        <line num="442" count="0" type="stmt"/>
        <line num="447" count="0" type="stmt"/>
        <line num="460" count="0" type="cond" truecount="0" falsecount="4"/>
        <line num="465" count="0" type="cond" truecount="0" falsecount="2"/>
        <line num="475" count="0" type="cond" truecount="0" falsecount="4"/>
        <line num="480" count="0" type="stmt"/>
        <line num="484" count="0" type="cond" truecount="0" falsecount="2"/>
        <line num="492" count="0" type="cond" truecount="0" falsecount="4"/>
        <line num="495" count="0" type="cond" truecount="0" falsecount="4"/>
        <line num="498" count="0" type="cond" truecount="0" falsecount="4"/>
        <line num="512" count="0" type="cond" truecount="0" falsecount="2"/>
        <line num="520" count="0" type="cond" truecount="0" falsecount="2"/>
        <line num="528" count="0" type="cond" truecount="0" falsecount="2"/>
        <line num="538" count="0" type="cond" truecount="0" falsecount="2"/>
        <line num="541" count="0" type="cond" truecount="0" falsecount="2"/>
        <line num="547" count="0" type="cond" truecount="0" falsecount="2"/>
        <line num="551" count="0" type="stmt"/>
        <line num="556" count="0" type="stmt"/>
        <line num="570" count="0" type="cond" truecount="0" falsecount="4"/>
        <line num="575" count="0" type="cond" truecount="0" falsecount="2"/>
        <line num="585" count="0" type="cond" truecount="0" falsecount="4"/>
        <line num="590" count="0" type="stmt"/>
        <line num="594" count="0" type="cond" truecount="0" falsecount="2"/>
        <line num="601" count="0" type="stmt"/>
      </file>
    </package>
    <package name="src.views">
      <metrics statements="618" coveredstatements="359" conditionals="376" coveredconditionals="204" methods="123" coveredmethods="54"/>
      <file name="AdminPage.vue" path="/mnt/c/Users/imivu/Videos/Spearow-cs344/frontend/src/views/AdminPage.vue">
        <metrics statements="138" coveredstatements="0" conditionals="68" coveredconditionals="0" methods="38" coveredmethods="0"/>
        <line num="3" count="0" type="stmt"/>
        <line num="4" count="0" type="stmt"/>
        <line num="7" count="0" type="stmt"/>
        <line num="8" count="0" type="stmt"/>
        <line num="9" count="0" type="stmt"/>
        <line num="10" count="0" type="stmt"/>
        <line num="11" count="0" type="stmt"/>
        <line num="12" count="0" type="stmt"/>
        <line num="13" count="0" type="stmt"/>
        <line num="14" count="0" type="stmt"/>
        <line num="15" count="0" type="stmt"/>
        <line num="16" count="0" type="stmt"/>
        <line num="17" count="0" type="stmt"/>
        <line num="18" count="0" type="stmt"/>
        <line num="19" count="0" type="stmt"/>
        <line num="20" count="0" type="stmt"/>
        <line num="21" count="0" type="stmt"/>
        <line num="22" count="0" type="stmt"/>
        <line num="23" count="0" type="stmt"/>
        <line num="24" count="0" type="stmt"/>
        <line num="25" count="0" type="stmt"/>
        <line num="26" count="0" type="stmt"/>
        <line num="28" count="0" type="stmt"/>
        <line num="49" count="0" type="stmt"/>
        <line num="50" count="0" type="stmt"/>
        <line num="51" count="0" type="stmt"/>
        <line num="52" count="0" type="stmt"/>
        <line num="53" count="0" type="stmt"/>
        <line num="54" count="0" type="stmt"/>
        <line num="55" count="0" type="stmt"/>
        <line num="56" count="0" type="stmt"/>
        <line num="57" count="0" type="stmt"/>
        <line num="59" count="0" type="stmt"/>
        <line num="67" count="0" type="stmt"/>
        <line num="68" count="0" type="stmt"/>
        <line num="70" count="0" type="stmt"/>
        <line num="71" count="0" type="stmt"/>
        <line num="72" count="0" type="stmt"/>
        <line num="73" count="0" type="stmt"/>
        <line num="74" count="0" type="stmt"/>
        <line num="81" count="0" type="stmt"/>
        <line num="82" count="0" type="stmt"/>
        <line num="83" count="0" type="stmt"/>
        <line num="93" count="0" type="stmt"/>
        <line num="94" count="0" type="stmt"/>
        <line num="98" count="0" type="stmt"/>
        <line num="99" count="0" type="cond" truecount="0" falsecount="2"/>
        <line num="101" count="0" type="stmt"/>
        <line num="103" count="0" type="stmt"/>
        <line num="108" count="0" type="stmt"/>
        <line num="109" count="0" type="stmt"/>
        <line num="111" count="0" type="stmt"/>
        <line num="113" count="0" type="stmt"/>
        <line num="114" count="0" type="stmt"/>
        <line num="115" count="0" type="stmt"/>
        <line num="119" count="0" type="stmt"/>
        <line num="120" count="0" type="cond" truecount="0" falsecount="2"/>
        <line num="121" count="0" type="stmt"/>
        <line num="122" count="0" type="stmt"/>
        <line num="123" count="0" type="stmt"/>
        <line num="124" count="0" type="stmt"/>
        <line num="131" count="0" type="stmt"/>
        <line num="142" count="0" type="stmt"/>
        <line num="143" count="0" type="cond" truecount="0" falsecount="2"/>
        <line num="144" count="0" type="cond" truecount="0" falsecount="2"/>
        <line num="145" count="0" type="stmt"/>
        <line num="146" count="0" type="stmt"/>
        <line num="147" count="0" type="stmt"/>
        <line num="154" count="0" type="stmt"/>
        <line num="163" count="0" type="stmt"/>
        <line num="165" count="0" type="stmt"/>
        <line num="166" count="0" type="stmt"/>
        <line num="171" count="0" type="stmt"/>
        <line num="178" count="0" type="stmt"/>
        <line num="186" count="0" type="stmt"/>
        <line num="204" count="0" type="stmt"/>
        <line num="206" count="0" type="stmt"/>
        <line num="209" count="0" type="stmt"/>
        <line num="210" count="0" type="stmt"/>
        <line num="211" count="0" type="stmt"/>
        <line num="214" count="0" type="stmt"/>
        <line num="217" count="0" type="stmt"/>
        <line num="220" count="0" type="stmt"/>
        <line num="223" count="0" type="stmt"/>
        <line num="226" count="0" type="stmt"/>
        <line num="229" count="0" type="stmt"/>
        <line num="232" count="0" type="stmt"/>
        <line num="235" count="0" type="stmt"/>
        <line num="238" count="0" type="stmt"/>
        <line num="241" count="0" type="stmt"/>
        <line num="244" count="0" type="stmt"/>
        <line num="247" count="0" type="stmt"/>
        <line num="250" count="0" type="stmt"/>
        <line num="253" count="0" type="stmt"/>
        <line num="257" count="0" type="stmt"/>
        <line num="258" count="0" type="stmt"/>
        <line num="259" count="0" type="stmt"/>
        <line num="260" count="0" type="stmt"/>
        <line num="261" count="0" type="stmt"/>
        <line num="262" count="0" type="stmt"/>
        <line num="263" count="0" type="stmt"/>
        <line num="264" count="0" type="stmt"/>
        <line num="265" count="0" type="stmt"/>
        <line num="266" count="0" type="stmt"/>
        <line num="267" count="0" type="stmt"/>
        <line num="268" count="0" type="stmt"/>
        <line num="269" count="0" type="stmt"/>
        <line num="270" count="0" type="stmt"/>
        <line num="271" count="0" type="stmt"/>
        <line num="272" count="0" type="stmt"/>
        <line num="276" count="0" type="cond" truecount="0" falsecount="2"/>
        <line num="280" count="0" type="stmt"/>
        <line num="283" count="0" type="stmt"/>
        <line num="286" count="0" type="cond" truecount="0" falsecount="2"/>
        <line num="288" count="0" type="cond" truecount="0" falsecount="2"/>
        <line num="295" count="0" type="cond" truecount="0" falsecount="2"/>
        <line num="297" count="0" type="cond" truecount="0" falsecount="2"/>
        <line num="304" count="0" type="cond" truecount="0" falsecount="2"/>
        <line num="306" count="0" type="cond" truecount="0" falsecount="2"/>
        <line num="313" count="0" type="stmt"/>
        <line num="317" count="0" type="cond" truecount="0" falsecount="2"/>
        <line num="321" count="0" type="cond" truecount="0" falsecount="2"/>
        <line num="328" count="0" type="cond" truecount="0" falsecount="2"/>
        <line num="337" count="0" type="cond" truecount="0" falsecount="4"/>
        <line num="348" count="0" type="cond" truecount="0" falsecount="2"/>
        <line num="357" count="0" type="stmt"/>
        <line num="366" count="0" type="cond" truecount="0" falsecount="2"/>
        <line num="376" count="0" type="cond" truecount="0" falsecount="2"/>
        <line num="386" count="0" type="cond" truecount="0" falsecount="2"/>
        <line num="400" count="0" type="stmt"/>
        <line num="402" count="0" type="cond" truecount="0" falsecount="2"/>
        <line num="405" count="0" type="cond" truecount="0" falsecount="2"/>
        <line num="415" count="0" type="cond" truecount="0" falsecount="2"/>
        <line num="422" count="0" type="cond" truecount="0" falsecount="2"/>
        <line num="423" count="0" type="stmt"/>
        <line num="444" count="0" type="stmt"/>
        <line num="460" count="0" type="stmt"/>
        <line num="470" count="0" type="stmt"/>
      </file>
      <file name="DataUploadPage.vue" path="/mnt/c/Users/imivu/Videos/Spearow-cs344/frontend/src/views/DataUploadPage.vue">
        <metrics statements="34" coveredstatements="31" conditionals="22" coveredconditionals="19" methods="7" coveredmethods="5"/>
        <line num="3" count="1" type="stmt"/>
        <line num="6" count="1" type="stmt"/>
        <line num="7" count="1" type="stmt"/>
        <line num="9" count="1" type="stmt"/>
        <line num="12" count="4" type="stmt"/>
        <line num="13" count="4" type="stmt"/>
        <line num="14" count="4" type="stmt"/>
        <line num="15" count="4" type="stmt"/>
        <line num="16" count="0" type="stmt"/>
        <line num="18" count="4" type="stmt"/>
        <line num="19" count="2" type="stmt"/>
        <line num="20" count="2" type="cond" truecount="1" falsecount="1"/>
        <line num="21" count="2" type="stmt"/>
        <line num="24" count="4" type="stmt"/>
        <line num="25" count="2" type="cond" truecount="2" falsecount="0"/>
        <line num="30" count="1" type="stmt"/>
        <line num="32" count="1" type="stmt"/>
        <line num="34" count="0" type="stmt"/>
        <line num="36" count="1" type="stmt"/>
        <line num="39" count="1" type="stmt"/>
        <line num="42" count="4" type="stmt"/>
        <line num="52" count="1" type="stmt"/>
        <line num="54" count="1" type="stmt"/>
        <line num="57" count="1" type="stmt"/>
        <line num="58" count="1" type="stmt"/>
        <line num="59" count="1" type="stmt"/>
        <line num="62" count="1" type="stmt"/>
        <line num="65" count="1" type="stmt"/>
        <line num="68" count="1" type="stmt"/>
        <line num="71" count="1" type="stmt"/>
        <line num="76" count="5" type="cond" truecount="4" falsecount="0"/>
        <line num="77" count="0" type="cond" truecount="2" falsecount="2"/>
        <line num="81" count="2" type="cond" truecount="4" falsecount="0"/>
        <line num="88" count="1" type="stmt"/>
      </file>
      <file name="ForgotPasswordPage.vue" path="/mnt/c/Users/imivu/Videos/Spearow-cs344/frontend/src/views/ForgotPasswordPage.vue">
        <metrics statements="116" coveredstatements="105" conditionals="71" coveredconditionals="61" methods="22" coveredmethods="16"/>
        <line num="3" count="1" type="stmt"/>
        <line num="4" count="1" type="stmt"/>
        <line num="7" count="1" type="stmt"/>
        <line num="8" count="1" type="stmt"/>
        <line num="9" count="1" type="stmt"/>
        <line num="10" count="1" type="stmt"/>
        <line num="11" count="1" type="stmt"/>
        <line num="12" count="1" type="stmt"/>
        <line num="13" count="1" type="stmt"/>
        <line num="14" count="1" type="stmt"/>
        <line num="15" count="1" type="stmt"/>
        <line num="16" count="1" type="stmt"/>
        <line num="17" count="1" type="stmt"/>
        <line num="18" count="1" type="stmt"/>
        <line num="19" count="1" type="stmt"/>
        <line num="30" count="12" type="stmt"/>
        <line num="31" count="12" type="stmt"/>
        <line num="32" count="12" type="stmt"/>
        <line num="34" count="12" type="stmt"/>
        <line num="35" count="12" type="stmt"/>
        <line num="36" count="12" type="stmt"/>
        <line num="37" count="12" type="stmt"/>
        <line num="38" count="12" type="stmt"/>
        <line num="40" count="12" type="stmt"/>
        <line num="43" count="12" type="stmt"/>
        <line num="44" count="25" type="cond" truecount="2" falsecount="0"/>
        <line num="45" count="5" type="cond" truecount="3" falsecount="0"/>
        <line num="47" count="20" type="stmt"/>
        <line num="50" count="12" type="stmt"/>
        <line num="51" count="4" type="stmt"/>
        <line num="53" count="12" type="stmt"/>
        <line num="54" count="5" type="cond" truecount="2" falsecount="0"/>
        <line num="55" count="1" type="stmt"/>
        <line num="61" count="1" type="stmt"/>
        <line num="63" count="4" type="stmt"/>
        <line num="64" count="4" type="stmt"/>
        <line num="66" count="4" type="stmt"/>
        <line num="69" count="3" type="stmt"/>
        <line num="70" count="3" type="stmt"/>
        <line num="77" count="1" type="stmt"/>
        <line num="78" count="1" type="stmt"/>
        <line num="85" count="4" type="stmt"/>
        <line num="88" count="12" type="stmt"/>
        <line num="89" count="2" type="cond" truecount="4" falsecount="0"/>
        <line num="90" count="1" type="stmt"/>
        <line num="92" count="1" type="stmt"/>
        <line num="96" count="1" type="cond" truecount="1" falsecount="1"/>
        <line num="97" count="1" type="stmt"/>
        <line num="98" count="1" type="stmt"/>
        <line num="99" count="1" type="stmt"/>
        <line num="106" count="0" type="stmt"/>
        <line num="114" count="0" type="stmt"/>
        <line num="115" count="0" type="stmt"/>
        <line num="123" count="1" type="stmt"/>
        <line num="131" count="12" type="stmt"/>
        <line num="132" count="9" type="cond" truecount="2" falsecount="0"/>
        <line num="133" count="4" type="cond" truecount="2" falsecount="0"/>
        <line num="134" count="3" type="cond" truecount="2" falsecount="0"/>
        <line num="135" count="1" type="stmt"/>
        <line num="141" count="1" type="stmt"/>
        <line num="144" count="2" type="stmt"/>
        <line num="145" count="2" type="cond" truecount="1" falsecount="1"/>
        <line num="146" count="0" type="stmt"/>
        <line num="152" count="0" type="stmt"/>
        <line num="154" count="2" type="stmt"/>
        <line num="155" count="2" type="stmt"/>
        <line num="156" count="2" type="stmt"/>
        <line num="162" count="1" type="stmt"/>
        <line num="169" count="1" type="stmt"/>
        <line num="170" count="1" type="stmt"/>
        <line num="177" count="2" type="stmt"/>
        <line num="180" count="1" type="stmt"/>
        <line num="188" count="5" type="stmt"/>
        <line num="191" count="12" type="stmt"/>
        <line num="192" count="1" type="stmt"/>
        <line num="193" count="1" type="stmt"/>
        <line num="196" count="12" type="stmt"/>
        <line num="197" count="1" type="stmt"/>
        <line num="198" count="1" type="stmt"/>
        <line num="201" count="12" type="stmt"/>
        <line num="219" count="1" type="stmt"/>
        <line num="221" count="1" type="stmt"/>
        <line num="222" count="1" type="stmt"/>
        <line num="225" count="1" type="stmt"/>
        <line num="226" count="1" type="stmt"/>
        <line num="227" count="1" type="stmt"/>
        <line num="228" count="1" type="stmt"/>
        <line num="231" count="1" type="stmt"/>
        <line num="234" count="1" type="stmt"/>
        <line num="237" count="1" type="stmt"/>
        <line num="240" count="1" type="stmt"/>
        <line num="243" count="1" type="stmt"/>
        <line num="246" count="1" type="stmt"/>
        <line num="249" count="1" type="stmt"/>
        <line num="255" count="1" type="stmt"/>
        <line num="258" count="1" type="stmt"/>
        <line num="261" count="1" type="stmt"/>
        <line num="266" count="35" type="stmt"/>
        <line num="267" count="35" type="stmt"/>
        <line num="268" count="35" type="stmt"/>
        <line num="269" count="35" type="stmt"/>
        <line num="270" count="35" type="stmt"/>
        <line num="271" count="35" type="stmt"/>
        <line num="272" count="35" type="stmt"/>
        <line num="273" count="0" type="cond" truecount="2" falsecount="2"/>
        <line num="281" count="5" type="cond" truecount="4" falsecount="0"/>
        <line num="286" count="0" type="cond" truecount="2" falsecount="2"/>
        <line num="306" count="8" type="cond" truecount="2" falsecount="0"/>
        <line num="319" count="0" type="cond" truecount="2" falsecount="0"/>
        <line num="327" count="0" type="cond" truecount="0" falsecount="2"/>
        <line num="339" count="0" type="cond" truecount="2" falsecount="0"/>
        <line num="366" count="0" type="cond" truecount="2" falsecount="0"/>
        <line num="372" count="4" type="cond" truecount="2" falsecount="0"/>
        <line num="378" count="2" type="cond" truecount="2" falsecount="0"/>
        <line num="389" count="24" type="stmt"/>
        <line num="413" count="1" type="stmt"/>
      </file>
      <file name="HomePage.vue" path="/mnt/c/Users/imivu/Videos/Spearow-cs344/frontend/src/views/HomePage.vue">
        <metrics statements="45" coveredstatements="0" conditionals="24" coveredconditionals="0" methods="6" coveredmethods="0"/>
        <line num="3" count="0" type="stmt"/>
        <line num="4" count="0" type="stmt"/>
        <line num="7" count="0" type="stmt"/>
        <line num="8" count="0" type="stmt"/>
        <line num="9" count="0" type="stmt"/>
        <line num="10" count="0" type="stmt"/>
        <line num="11" count="0" type="stmt"/>
        <line num="12" count="0" type="stmt"/>
        <line num="13" count="0" type="stmt"/>
        <line num="14" count="0" type="stmt"/>
        <line num="15" count="0" type="stmt"/>
        <line num="22" count="0" type="stmt"/>
        <line num="25" count="0" type="stmt"/>
        <line num="26" count="0" type="stmt"/>
        <line num="27" count="0" type="cond" truecount="0" falsecount="2"/>
        <line num="29" count="0" type="stmt"/>
        <line num="38" count="0" type="stmt"/>
        <line num="42" count="0" type="stmt"/>
        <line num="43" count="0" type="stmt"/>
        <line num="44" count="0" type="cond" truecount="0" falsecount="2"/>
        <line num="45" count="0" type="stmt"/>
        <line num="52" count="0" type="stmt"/>
        <line num="53" count="0" type="stmt"/>
        <line num="57" count="0" type="stmt"/>
        <line num="62" count="0" type="stmt"/>
        <line num="64" count="0" type="stmt"/>
        <line num="65" count="0" type="stmt"/>
        <line num="68" count="0" type="stmt"/>
        <line num="69" count="0" type="stmt"/>
        <line num="70" count="0" type="stmt"/>
        <line num="71" count="0" type="stmt"/>
        <line num="72" count="0" type="stmt"/>
        <line num="73" count="0" type="stmt"/>
        <line num="74" count="0" type="stmt"/>
        <line num="75" count="0" type="stmt"/>
        <line num="76" count="0" type="stmt"/>
        <line num="77" count="0" type="stmt"/>
        <line num="80" count="0" type="stmt"/>
        <line num="83" count="0" type="stmt"/>
        <line num="86" count="0" type="stmt"/>
        <line num="90" count="0" type="stmt"/>
        <line num="91" count="0" type="stmt"/>
        <line num="92" count="0" type="stmt"/>
        <line num="100" count="0" type="cond" truecount="0" falsecount="4"/>
        <line num="128" count="0" type="stmt"/>
      </file>
      <file name="LoginPage.vue" path="/mnt/c/Users/imivu/Videos/Spearow-cs344/frontend/src/views/LoginPage.vue">
        <metrics statements="102" coveredstatements="90" conditionals="54" coveredconditionals="46" methods="21" coveredmethods="16"/>
        <line num="3" count="1" type="stmt"/>
        <line num="4" count="1" type="stmt"/>
        <line num="7" count="1" type="stmt"/>
        <line num="8" count="1" type="stmt"/>
        <line num="9" count="1" type="stmt"/>
        <line num="10" count="1" type="stmt"/>
        <line num="11" count="1" type="stmt"/>
        <line num="12" count="1" type="stmt"/>
        <line num="13" count="1" type="stmt"/>
        <line num="14" count="1" type="stmt"/>
        <line num="15" count="1" type="stmt"/>
        <line num="16" count="1" type="stmt"/>
        <line num="17" count="1" type="stmt"/>
        <line num="18" count="1" type="stmt"/>
        <line num="19" count="1" type="stmt"/>
        <line num="20" count="1" type="stmt"/>
        <line num="31" count="17" type="stmt"/>
        <line num="32" count="17" type="stmt"/>
        <line num="33" count="17" type="stmt"/>
        <line num="34" count="17" type="stmt"/>
        <line num="35" count="17" type="stmt"/>
        <line num="36" count="17" type="stmt"/>
        <line num="38" count="17" type="stmt"/>
        <line num="41" count="17" type="stmt"/>
        <line num="42" count="17" type="stmt"/>
        <line num="43" count="17" type="cond" truecount="1" falsecount="1"/>
        <line num="45" count="0" type="stmt"/>
        <line num="54" count="17" type="stmt"/>
        <line num="60" count="17" type="stmt"/>
        <line num="61" count="32" type="cond" truecount="2" falsecount="0"/>
        <line num="63" count="17" type="stmt"/>
        <line num="64" count="6" type="stmt"/>
        <line num="66" count="17" type="stmt"/>
        <line num="67" count="7" type="cond" truecount="2" falsecount="0"/>
        <line num="68" count="6" type="stmt"/>
        <line num="69" count="6" type="stmt"/>
        <line num="71" count="6" type="stmt"/>
        <line num="77" count="6" type="stmt"/>
        <line num="80" count="5" type="cond" truecount="2" falsecount="0"/>
        <line num="81" count="3" type="stmt"/>
        <line num="82" count="3" type="stmt"/>
        <line num="90" count="1" type="stmt"/>
        <line num="91" count="1" type="stmt"/>
        <line num="92" count="1" type="stmt"/>
        <line num="94" count="1" type="stmt"/>
        <line num="102" count="2" type="stmt"/>
        <line num="103" count="2" type="stmt"/>
        <line num="110" count="6" type="stmt"/>
        <line num="113" count="1" type="stmt"/>
        <line num="121" count="17" type="stmt"/>
        <line num="122" count="1" type="cond" truecount="1" falsecount="1"/>
        <line num="123" count="1" type="stmt"/>
        <line num="125" count="1" type="stmt"/>
        <line num="130" count="1" type="stmt"/>
        <line num="133" count="0" type="stmt"/>
        <line num="134" count="0" type="stmt"/>
        <line num="135" count="0" type="stmt"/>
        <line num="136" count="0" type="stmt"/>
        <line num="138" count="0" type="stmt"/>
        <line num="145" count="1" type="stmt"/>
        <line num="146" count="1" type="stmt"/>
        <line num="154" count="0" type="stmt"/>
        <line num="162" count="17" type="stmt"/>
        <line num="163" count="1" type="stmt"/>
        <line num="164" count="1" type="stmt"/>
        <line num="167" count="17" type="stmt"/>
        <line num="168" count="1" type="stmt"/>
        <line num="169" count="1" type="stmt"/>
        <line num="172" count="17" type="stmt"/>
        <line num="187" count="1" type="stmt"/>
        <line num="189" count="1" type="stmt"/>
        <line num="190" count="1" type="stmt"/>
        <line num="193" count="1" type="stmt"/>
        <line num="194" count="1" type="stmt"/>
        <line num="195" count="1" type="stmt"/>
        <line num="196" count="1" type="stmt"/>
        <line num="199" count="1" type="stmt"/>
        <line num="202" count="1" type="stmt"/>
        <line num="205" count="1" type="stmt"/>
        <line num="208" count="1" type="stmt"/>
        <line num="211" count="1" type="stmt"/>
        <line num="217" count="1" type="stmt"/>
        <line num="220" count="1" type="stmt"/>
        <line num="223" count="1" type="stmt"/>
        <line num="228" count="49" type="stmt"/>
        <line num="229" count="49" type="stmt"/>
        <line num="230" count="49" type="stmt"/>
        <line num="231" count="49" type="stmt"/>
        <line num="232" count="49" type="stmt"/>
        <line num="233" count="49" type="stmt"/>
        <line num="234" count="49" type="stmt"/>
        <line num="235" count="0" type="cond" truecount="2" falsecount="2"/>
        <line num="243" count="3" type="cond" truecount="4" falsecount="0"/>
        <line num="244" count="0" type="cond" truecount="2" falsecount="2"/>
        <line num="250" count="0" type="cond" truecount="2" falsecount="2"/>
        <line num="269" count="10" type="cond" truecount="2" falsecount="0"/>
        <line num="282" count="10" type="cond" truecount="2" falsecount="0"/>
        <line num="318" count="0" type="cond" truecount="2" falsecount="0"/>
        <line num="324" count="6" type="cond" truecount="2" falsecount="0"/>
        <line num="330" count="0" type="cond" truecount="2" falsecount="0"/>
        <line num="341" count="36" type="stmt"/>
        <line num="365" count="1" type="stmt"/>
      </file>
      <file name="RegisterPage.vue" path="/mnt/c/Users/imivu/Videos/Spearow-cs344/frontend/src/views/RegisterPage.vue">
        <metrics statements="85" coveredstatements="81" conditionals="56" coveredconditionals="47" methods="17" coveredmethods="13"/>
        <line num="3" count="1" type="stmt"/>
        <line num="4" count="1" type="stmt"/>
        <line num="7" count="1" type="stmt"/>
        <line num="8" count="1" type="stmt"/>
        <line num="9" count="1" type="stmt"/>
        <line num="10" count="1" type="stmt"/>
        <line num="11" count="1" type="stmt"/>
        <line num="12" count="1" type="stmt"/>
        <line num="13" count="1" type="stmt"/>
        <line num="14" count="1" type="stmt"/>
        <line num="15" count="1" type="stmt"/>
        <line num="16" count="1" type="stmt"/>
        <line num="17" count="1" type="stmt"/>
        <line num="26" count="10" type="stmt"/>
        <line num="27" count="10" type="stmt"/>
        <line num="28" count="10" type="stmt"/>
        <line num="29" count="10" type="stmt"/>
        <line num="30" count="10" type="stmt"/>
        <line num="31" count="10" type="stmt"/>
        <line num="32" count="10" type="stmt"/>
        <line num="34" count="10" type="stmt"/>
        <line num="35" count="22" type="cond" truecount="4" falsecount="0"/>
        <line num="37" count="10" type="stmt"/>
        <line num="38" count="7" type="cond" truecount="2" falsecount="0"/>
        <line num="39" count="6" type="stmt"/>
        <line num="42" count="6" type="stmt"/>
        <line num="43" count="6" type="cond" truecount="2" falsecount="0"/>
        <line num="44" count="1" type="stmt"/>
        <line num="50" count="1" type="stmt"/>
        <line num="51" count="1" type="stmt"/>
        <line num="53" count="5" type="cond" truecount="2" falsecount="0"/>
        <line num="54" count="1" type="stmt"/>
        <line num="60" count="1" type="stmt"/>
        <line num="61" count="1" type="stmt"/>
        <line num="65" count="4" type="stmt"/>
        <line num="66" count="4" type="cond" truecount="2" falsecount="0"/>
        <line num="67" count="1" type="stmt"/>
        <line num="73" count="1" type="stmt"/>
        <line num="74" count="1" type="stmt"/>
        <line num="76" count="3" type="stmt"/>
        <line num="78" count="3" type="stmt"/>
        <line num="84" count="3" type="stmt"/>
        <line num="85" count="2" type="stmt"/>
        <line num="88" count="2" type="stmt"/>
        <line num="95" count="1" type="stmt"/>
        <line num="96" count="1" type="stmt"/>
        <line num="103" count="3" type="stmt"/>
        <line num="106" count="1" type="stmt"/>
        <line num="114" count="10" type="stmt"/>
        <line num="115" count="1" type="stmt"/>
        <line num="116" count="1" type="stmt"/>
        <line num="119" count="10" type="stmt"/>
        <line num="120" count="1" type="stmt"/>
        <line num="121" count="1" type="stmt"/>
        <line num="124" count="10" type="stmt"/>
        <line num="137" count="1" type="stmt"/>
        <line num="139" count="1" type="stmt"/>
        <line num="140" count="1" type="stmt"/>
        <line num="143" count="1" type="stmt"/>
        <line num="144" count="1" type="stmt"/>
        <line num="145" count="1" type="stmt"/>
        <line num="146" count="1" type="stmt"/>
        <line num="149" count="1" type="stmt"/>
        <line num="152" count="1" type="stmt"/>
        <line num="155" count="1" type="stmt"/>
        <line num="158" count="1" type="stmt"/>
        <line num="161" count="1" type="stmt"/>
        <line num="164" count="1" type="stmt"/>
        <line num="167" count="1" type="stmt"/>
        <line num="170" count="1" type="stmt"/>
        <line num="177" count="37" type="stmt"/>
        <line num="178" count="37" type="stmt"/>
        <line num="179" count="37" type="stmt"/>
        <line num="180" count="37" type="stmt"/>
        <line num="181" count="37" type="stmt"/>
        <line num="182" count="0" type="cond" truecount="2" falsecount="2"/>
        <line num="190" count="7" type="cond" truecount="4" falsecount="0"/>
        <line num="191" count="0" type="cond" truecount="2" falsecount="2"/>
        <line num="196" count="0" type="cond" truecount="2" falsecount="2"/>
        <line num="223" count="16" type="cond" truecount="2" falsecount="0"/>
        <line num="235" count="6" type="cond" truecount="2" falsecount="0"/>
        <line num="248" count="16" type="cond" truecount="2" falsecount="0"/>
        <line num="256" count="0" type="cond" truecount="0" falsecount="2"/>
        <line num="268" count="6" type="cond" truecount="2" falsecount="0"/>
        <line num="294" count="1" type="stmt"/>
      </file>
      <file name="ReportsPage.vue" path="/mnt/c/Users/imivu/Videos/Spearow-cs344/frontend/src/views/ReportsPage.vue">
        <metrics statements="98" coveredstatements="52" conditionals="81" coveredconditionals="31" methods="12" coveredmethods="4"/>
        <line num="3" count="1" type="stmt"/>
        <line num="4" count="1" type="stmt"/>
        <line num="7" count="1" type="stmt"/>
        <line num="8" count="1" type="stmt"/>
        <line num="9" count="1" type="stmt"/>
        <line num="10" count="1" type="stmt"/>
        <line num="11" count="1" type="stmt"/>
        <line num="12" count="1" type="stmt"/>
        <line num="13" count="1" type="stmt"/>
        <line num="14" count="1" type="stmt"/>
        <line num="21" count="3" type="stmt"/>
        <line num="22" count="3" type="stmt"/>
        <line num="23" count="3" type="stmt"/>
        <line num="24" count="3" type="stmt"/>
        <line num="25" count="3" type="stmt"/>
        <line num="26" count="3" type="stmt"/>
        <line num="27" count="3" type="stmt"/>
        <line num="28" count="3" type="stmt"/>
        <line num="29" count="3" type="stmt"/>
        <line num="31" count="3" type="stmt"/>
        <line num="32" count="1" type="cond" truecount="3" falsecount="1"/>
        <line num="33" count="1" type="stmt"/>
        <line num="35" count="0" type="stmt"/>
        <line num="38" count="3" type="stmt"/>
        <line num="39" count="2" type="cond" truecount="2" falsecount="2"/>
        <line num="40" count="0" type="stmt"/>
        <line num="41" count="0" type="stmt"/>
        <line num="43" count="2" type="cond" truecount="2" falsecount="0"/>
        <line num="44" count="1" type="stmt"/>
        <line num="50" count="1" type="stmt"/>
        <line num="52" count="1" type="cond" truecount="1" falsecount="1"/>
        <line num="53" count="1" type="stmt"/>
        <line num="59" count="1" type="stmt"/>
        <line num="61" count="0" type="stmt"/>
        <line num="62" count="0" type="stmt"/>
        <line num="69" count="0" type="cond" truecount="0" falsecount="2"/>
        <line num="70" count="0" type="stmt"/>
        <line num="73" count="0" type="stmt"/>
        <line num="76" count="0" type="stmt"/>
        <line num="77" count="0" type="stmt"/>
        <line num="78" count="0" type="stmt"/>
        <line num="81" count="0" type="stmt"/>
        <line num="82" count="0" type="stmt"/>
        <line num="85" count="0" type="stmt"/>
        <line num="86" count="0" type="stmt"/>
        <line num="87" count="0" type="stmt"/>
        <line num="88" count="0" type="stmt"/>
        <line num="89" count="0" type="cond" truecount="0" falsecount="2"/>
        <line num="90" count="0" type="stmt"/>
        <line num="91" count="0" type="stmt"/>
        <line num="92" count="0" type="cond" truecount="0" falsecount="2"/>
        <line num="93" count="0" type="stmt"/>
        <line num="96" count="0" type="stmt"/>
        <line num="99" count="0" type="stmt"/>
        <line num="100" count="0" type="stmt"/>
        <line num="101" count="0" type="stmt"/>
        <line num="104" count="0" type="stmt"/>
        <line num="105" count="0" type="stmt"/>
        <line num="108" count="0" type="stmt"/>
        <line num="109" count="0" type="stmt"/>
        <line num="110" count="0" type="stmt"/>
        <line num="111" count="0" type="stmt"/>
        <line num="114" count="0" type="cond" truecount="0" falsecount="2"/>
        <line num="115" count="0" type="cond" truecount="0" falsecount="3"/>
        <line num="116" count="0" type="cond" truecount="0" falsecount="2"/>
        <line num="117" count="0" type="stmt"/>
        <line num="119" count="0" type="stmt"/>
        <line num="122" count="0" type="stmt"/>
        <line num="125" count="3" type="stmt"/>
        <line num="139" count="1" type="stmt"/>
        <line num="141" count="1" type="stmt"/>
        <line num="144" count="1" type="stmt"/>
        <line num="145" count="1" type="stmt"/>
        <line num="146" count="1" type="stmt"/>
        <line num="149" count="1" type="stmt"/>
        <line num="152" count="1" type="stmt"/>
        <line num="155" count="1" type="stmt"/>
        <line num="158" count="1" type="stmt"/>
        <line num="162" count="1" type="stmt"/>
        <line num="165" count="1" type="stmt"/>
        <line num="168" count="1" type="stmt"/>
        <line num="171" count="1" type="stmt"/>
        <line num="174" count="1" type="stmt"/>
        <line num="178" count="1" type="stmt"/>
        <line num="182" count="1" type="stmt"/>
        <line num="185" count="1" type="stmt"/>
        <line num="190" count="3" type="stmt"/>
        <line num="191" count="3" type="stmt"/>
        <line num="192" count="3" type="stmt"/>
        <line num="197" count="0" type="cond" truecount="2" falsecount="2"/>
        <line num="201" count="0" type="cond" truecount="2" falsecount="0"/>
        <line num="212" count="0" type="cond" truecount="0" falsecount="2"/>
        <line num="218" count="0" type="cond" truecount="0" falsecount="2"/>
        <line num="224" count="0" type="cond" truecount="0" falsecount="2"/>
        <line num="233" count="0" type="cond" truecount="0" falsecount="2"/>
        <line num="235" count="0" type="cond" truecount="0" falsecount="4"/>
        <line num="240" count="0" type="cond" truecount="2" falsecount="0"/>
        <line num="255" count="1" type="stmt"/>
      </file>
    </package>
  </project>
</coverage>
