TN:
SF:src/App.vue
FN:34,(anonymous_0)
FN:42,(anonymous_1)
FN:85,(anonymous_2)
FN:91,(anonymous_3)
FN:115,(anonymous_4)
FN:118,(anonymous_5)
FN:129,(anonymous_6)
FN:134,(anonymous_7)
FN:135,(anonymous_8)
FN:139,(anonymous_9)
FN:140,(anonymous_10)
FN:144,(anonymous_11)
FN:145,(anonymous_12)
FN:155,(anonymous_13)
FN:164,(anonymous_14)
FN:167,(anonymous_15)
FN:180,(anonymous_16)
FN:184,(anonymous_17)
FN:318,render
FN:333,(anonymous_19)
FN:338,(anonymous_20)
FN:348,(anonymous_21)
FN:353,(anonymous_22)
FN:358,(anonymous_23)
FN:369,(anonymous_24)
FN:374,(anonymous_25)
FN:381,(anonymous_26)
FN:386,(anonymous_27)
FN:398,(anonymous_28)
FN:401,(anonymous_29)
FN:406,(anonymous_30)
FN:411,(anonymous_31)
FN:416,(anonymous_32)
FN:422,(anonymous_33)
FN:427,(anonymous_34)
FN:429,(anonymous_35)
FN:435,(anonymous_36)
FN:438,(anonymous_37)
FN:442,(anonymous_38)
FN:447,(anonymous_39)
FN:460,(anonymous_40)
FN:465,(anonymous_41)
FN:475,(anonymous_42)
FN:480,(anonymous_43)
FN:484,(anonymous_44)
FN:492,(anonymous_45)
FN:495,(anonymous_46)
FN:498,(anonymous_47)
FN:512,(anonymous_48)
FN:520,(anonymous_49)
FN:528,(anonymous_50)
FN:538,(anonymous_51)
FN:541,(anonymous_52)
FN:547,(anonymous_53)
FN:551,(anonymous_54)
FN:556,(anonymous_55)
FN:570,(anonymous_56)
FN:575,(anonymous_57)
FN:585,(anonymous_58)
FN:590,(anonymous_59)
FN:594,(anonymous_60)
FNF:61
FNH:0
FNDA:0,(anonymous_0)
FNDA:0,(anonymous_1)
FNDA:0,(anonymous_2)
FNDA:0,(anonymous_3)
FNDA:0,(anonymous_4)
FNDA:0,(anonymous_5)
FNDA:0,(anonymous_6)
FNDA:0,(anonymous_7)
FNDA:0,(anonymous_8)
FNDA:0,(anonymous_9)
FNDA:0,(anonymous_10)
FNDA:0,(anonymous_11)
FNDA:0,(anonymous_12)
FNDA:0,(anonymous_13)
FNDA:0,(anonymous_14)
FNDA:0,(anonymous_15)
FNDA:0,(anonymous_16)
FNDA:0,(anonymous_17)
FNDA:0,render
FNDA:0,(anonymous_19)
FNDA:0,(anonymous_20)
FNDA:0,(anonymous_21)
FNDA:0,(anonymous_22)
FNDA:0,(anonymous_23)
FNDA:0,(anonymous_24)
FNDA:0,(anonymous_25)
FNDA:0,(anonymous_26)
FNDA:0,(anonymous_27)
FNDA:0,(anonymous_28)
FNDA:0,(anonymous_29)
FNDA:0,(anonymous_30)
FNDA:0,(anonymous_31)
FNDA:0,(anonymous_32)
FNDA:0,(anonymous_33)
FNDA:0,(anonymous_34)
FNDA:0,(anonymous_35)
FNDA:0,(anonymous_36)
FNDA:0,(anonymous_37)
FNDA:0,(anonymous_38)
FNDA:0,(anonymous_39)
FNDA:0,(anonymous_40)
FNDA:0,(anonymous_41)
FNDA:0,(anonymous_42)
FNDA:0,(anonymous_43)
FNDA:0,(anonymous_44)
FNDA:0,(anonymous_45)
FNDA:0,(anonymous_46)
FNDA:0,(anonymous_47)
FNDA:0,(anonymous_48)
FNDA:0,(anonymous_49)
FNDA:0,(anonymous_50)
FNDA:0,(anonymous_51)
FNDA:0,(anonymous_52)
FNDA:0,(anonymous_53)
FNDA:0,(anonymous_54)
FNDA:0,(anonymous_55)
FNDA:0,(anonymous_56)
FNDA:0,(anonymous_57)
FNDA:0,(anonymous_58)
FNDA:0,(anonymous_59)
FNDA:0,(anonymous_60)
DA:3,0
DA:4,0
DA:7,0
DA:8,0
DA:9,0
DA:10,0
DA:11,0
DA:12,0
DA:13,0
DA:14,0
DA:15,0
DA:16,0
DA:17,0
DA:18,0
DA:19,0
DA:20,0
DA:21,0
DA:22,0
DA:35,0
DA:36,0
DA:37,0
DA:38,0
DA:39,0
DA:42,0
DA:43,0
DA:44,0
DA:45,0
DA:52,0
DA:53,0
DA:55,0
DA:56,0
DA:57,0
DA:63,0
DA:69,0
DA:70,0
DA:71,0
DA:73,0
DA:74,0
DA:84,0
DA:85,0
DA:86,0
DA:88,0
DA:91,0
DA:92,0
DA:93,0
DA:94,0
DA:95,0
DA:97,0
DA:98,0
DA:100,0
DA:102,0
DA:103,0
DA:105,0
DA:106,0
DA:115,0
DA:116,0
DA:118,0
DA:119,0
DA:121,0
DA:129,0
DA:130,0
DA:134,0
DA:135,0
DA:136,0
DA:139,0
DA:140,0
DA:141,0
DA:144,0
DA:145,0
DA:146,0
DA:151,0
DA:152,0
DA:155,0
DA:156,0
DA:157,0
DA:158,0
DA:161,0
DA:164,0
DA:165,0
DA:167,0
DA:168,0
DA:169,0
DA:170,0
DA:171,0
DA:172,0
DA:180,0
DA:181,0
DA:184,0
DA:185,0
DA:192,0
DA:194,0
DA:215,0
DA:217,0
DA:218,0
DA:221,0
DA:222,0
DA:223,0
DA:224,0
DA:227,0
DA:230,0
DA:233,0
DA:236,0
DA:239,0
DA:243,0
DA:246,0
DA:249,0
DA:256,0
DA:259,0
DA:262,0
DA:266,0
DA:269,0
DA:272,0
DA:275,0
DA:279,0
DA:286,0
DA:289,0
DA:293,0
DA:296,0
DA:299,0
DA:302,0
DA:305,0
DA:309,0
DA:312,0
DA:315,0
DA:319,0
DA:320,0
DA:321,0
DA:322,0
DA:323,0
DA:324,0
DA:325,0
DA:326,0
DA:327,0
DA:328,0
DA:329,0
DA:333,0
DA:338,0
DA:352,0
DA:353,0
DA:358,0
DA:369,0
DA:374,0
DA:381,0
DA:386,0
DA:398,0
DA:401,0
DA:406,0
DA:411,0
DA:416,0
DA:422,0
DA:427,0
DA:429,0
DA:435,0
DA:438,0
DA:442,0
DA:447,0
DA:460,0
DA:465,0
DA:475,0
DA:480,0
DA:484,0
DA:492,0
DA:495,0
DA:498,0
DA:512,0
DA:520,0
DA:528,0
DA:538,0
DA:541,0
DA:547,0
DA:551,0
DA:556,0
DA:570,0
DA:575,0
DA:585,0
DA:590,0
DA:594,0
DA:601,0
LF:178
LH:0
BRDA:43,0,0,0
BRDA:43,0,1,0
BRDA:44,1,0,0
BRDA:44,1,1,0
BRDA:44,2,0,0
BRDA:44,2,1,0
BRDA:60,3,0,0
BRDA:60,3,1,0
BRDA:92,4,0,0
BRDA:92,4,1,0
BRDA:97,5,0,0
BRDA:97,5,1,0
BRDA:97,6,0,0
BRDA:97,6,1,0
BRDA:102,7,0,0
BRDA:102,7,1,0
BRDA:103,8,0,0
BRDA:103,8,1,0
BRDA:119,9,0,0
BRDA:119,9,1,0
BRDA:157,10,0,0
BRDA:157,10,1,0
BRDA:329,11,0,0
BRDA:329,11,1,0
BRDA:333,12,0,0
BRDA:333,12,1,0
BRDA:338,13,0,0
BRDA:338,13,1,0
BRDA:358,14,0,0
BRDA:358,14,1,0
BRDA:367,15,0,0
BRDA:367,15,1,0
BRDA:369,16,0,0
BRDA:369,16,1,0
BRDA:379,17,0,0
BRDA:379,17,1,0
BRDA:381,18,0,0
BRDA:381,18,1,0
BRDA:386,19,0,0
BRDA:386,19,1,0
BRDA:401,20,0,0
BRDA:401,20,1,0
BRDA:401,21,0,0
BRDA:401,21,1,0
BRDA:403,22,0,0
BRDA:403,22,1,0
BRDA:406,23,0,0
BRDA:406,23,1,0
BRDA:406,24,0,0
BRDA:406,24,1,0
BRDA:411,25,0,0
BRDA:411,25,1,0
BRDA:416,26,0,0
BRDA:416,26,1,0
BRDA:420,27,0,0
BRDA:420,27,1,0
BRDA:422,28,0,0
BRDA:422,28,1,0
BRDA:427,29,0,0
BRDA:427,29,1,0
BRDA:429,30,0,0
BRDA:429,30,1,0
BRDA:435,31,0,0
BRDA:435,31,1,0
BRDA:438,32,0,0
BRDA:438,32,1,0
BRDA:446,33,0,0
BRDA:446,33,1,0
BRDA:446,34,0,0
BRDA:446,34,1,0
BRDA:460,35,0,0
BRDA:460,35,1,0
BRDA:460,36,0,0
BRDA:460,36,1,0
BRDA:465,37,0,0
BRDA:465,37,1,0
BRDA:475,38,0,0
BRDA:475,38,1,0
BRDA:475,39,0,0
BRDA:475,39,1,0
BRDA:477,40,0,0
BRDA:477,40,1,0
BRDA:484,41,0,0
BRDA:484,41,1,0
BRDA:492,42,0,0
BRDA:492,42,1,0
BRDA:492,43,0,0
BRDA:492,43,1,0
BRDA:495,44,0,0
BRDA:495,44,1,0
BRDA:495,45,0,0
BRDA:495,45,1,0
BRDA:498,46,0,0
BRDA:498,46,1,0
BRDA:498,47,0,0
BRDA:498,47,1,0
BRDA:499,48,0,0
BRDA:499,48,1,0
BRDA:506,49,0,0
BRDA:506,49,1,0
BRDA:512,50,0,0
BRDA:512,50,1,0
BRDA:520,51,0,0
BRDA:520,51,1,0
BRDA:528,52,0,0
BRDA:528,52,1,0
BRDA:530,53,0,0
BRDA:530,53,1,0
BRDA:532,54,0,0
BRDA:532,54,1,0
BRDA:532,55,0,0
BRDA:532,55,1,0
BRDA:534,56,0,0
BRDA:534,56,1,0
BRDA:538,57,0,0
BRDA:538,57,1,0
BRDA:541,58,0,0
BRDA:541,58,1,0
BRDA:547,59,0,0
BRDA:547,59,1,0
BRDA:555,60,0,0
BRDA:555,60,1,0
BRDA:570,61,0,0
BRDA:570,61,1,0
BRDA:570,62,0,0
BRDA:570,62,1,0
BRDA:575,63,0,0
BRDA:575,63,1,0
BRDA:585,64,0,0
BRDA:585,64,1,0
BRDA:585,65,0,0
BRDA:585,65,1,0
BRDA:587,66,0,0
BRDA:587,66,1,0
BRDA:594,67,0,0
BRDA:594,67,1,0
BRF:136
BRH:0
end_of_record
TN:
SF:src/views/AdminPage.vue
FN:48,(anonymous_0)
FN:67,(anonymous_1)
FN:93,(anonymous_2)
FN:94,(anonymous_3)
FN:98,(anonymous_4)
FN:108,(anonymous_5)
FN:111,(anonymous_6)
FN:119,(anonymous_7)
FN:142,(anonymous_8)
FN:165,(anonymous_9)
FN:256,render
FN:276,(anonymous_11)
FN:280,(anonymous_12)
FN:283,(anonymous_13)
FN:286,(anonymous_14)
FN:288,(anonymous_15)
FN:295,(anonymous_16)
FN:297,(anonymous_17)
FN:304,(anonymous_18)
FN:306,(anonymous_19)
FN:313,(anonymous_20)
FN:317,(anonymous_21)
FN:321,(anonymous_22)
FN:328,(anonymous_23)
FN:337,(anonymous_24)
FN:348,(anonymous_25)
FN:357,(anonymous_26)
FN:366,(anonymous_27)
FN:376,(anonymous_28)
FN:386,(anonymous_29)
FN:400,(anonymous_30)
FN:402,(anonymous_31)
FN:405,(anonymous_32)
FN:415,(anonymous_33)
FN:422,(anonymous_34)
FN:423,(anonymous_35)
FN:442,(anonymous_36)
FN:458,(anonymous_37)
FNF:38
FNH:0
FNDA:0,(anonymous_0)
FNDA:0,(anonymous_1)
FNDA:0,(anonymous_2)
FNDA:0,(anonymous_3)
FNDA:0,(anonymous_4)
FNDA:0,(anonymous_5)
FNDA:0,(anonymous_6)
FNDA:0,(anonymous_7)
FNDA:0,(anonymous_8)
FNDA:0,(anonymous_9)
FNDA:0,render
FNDA:0,(anonymous_11)
FNDA:0,(anonymous_12)
FNDA:0,(anonymous_13)
FNDA:0,(anonymous_14)
FNDA:0,(anonymous_15)
FNDA:0,(anonymous_16)
FNDA:0,(anonymous_17)
FNDA:0,(anonymous_18)
FNDA:0,(anonymous_19)
FNDA:0,(anonymous_20)
FNDA:0,(anonymous_21)
FNDA:0,(anonymous_22)
FNDA:0,(anonymous_23)
FNDA:0,(anonymous_24)
FNDA:0,(anonymous_25)
FNDA:0,(anonymous_26)
FNDA:0,(anonymous_27)
FNDA:0,(anonymous_28)
FNDA:0,(anonymous_29)
FNDA:0,(anonymous_30)
FNDA:0,(anonymous_31)
FNDA:0,(anonymous_32)
FNDA:0,(anonymous_33)
FNDA:0,(anonymous_34)
FNDA:0,(anonymous_35)
FNDA:0,(anonymous_36)
FNDA:0,(anonymous_37)
DA:3,0
DA:4,0
DA:7,0
DA:8,0
DA:9,0
DA:10,0
DA:11,0
DA:12,0
DA:13,0
DA:14,0
DA:15,0
DA:16,0
DA:17,0
DA:18,0
DA:19,0
DA:20,0
DA:21,0
DA:22,0
DA:23,0
DA:24,0
DA:25,0
DA:26,0
DA:28,0
DA:49,0
DA:50,0
DA:51,0
DA:52,0
DA:53,0
DA:54,0
DA:55,0
DA:56,0
DA:57,0
DA:59,0
DA:67,0
DA:68,0
DA:70,0
DA:71,0
DA:72,0
DA:73,0
DA:74,0
DA:81,0
DA:82,0
DA:83,0
DA:93,0
DA:94,0
DA:98,0
DA:99,0
DA:101,0
DA:103,0
DA:108,0
DA:109,0
DA:111,0
DA:113,0
DA:114,0
DA:115,0
DA:119,0
DA:120,0
DA:121,0
DA:122,0
DA:123,0
DA:124,0
DA:131,0
DA:142,0
DA:143,0
DA:144,0
DA:145,0
DA:146,0
DA:147,0
DA:154,0
DA:163,0
DA:165,0
DA:166,0
DA:171,0
DA:178,0
DA:186,0
DA:204,0
DA:206,0
DA:209,0
DA:210,0
DA:211,0
DA:214,0
DA:217,0
DA:220,0
DA:223,0
DA:226,0
DA:229,0
DA:232,0
DA:235,0
DA:238,0
DA:241,0
DA:244,0
DA:247,0
DA:250,0
DA:253,0
DA:257,0
DA:258,0
DA:259,0
DA:260,0
DA:261,0
DA:262,0
DA:263,0
DA:264,0
DA:265,0
DA:266,0
DA:267,0
DA:268,0
DA:269,0
DA:270,0
DA:271,0
DA:272,0
DA:276,0
DA:280,0
DA:283,0
DA:286,0
DA:288,0
DA:295,0
DA:297,0
DA:304,0
DA:306,0
DA:313,0
DA:317,0
DA:321,0
DA:328,0
DA:337,0
DA:348,0
DA:357,0
DA:366,0
DA:376,0
DA:386,0
DA:400,0
DA:402,0
DA:405,0
DA:415,0
DA:422,0
DA:423,0
DA:444,0
DA:460,0
DA:470,0
LF:138
LH:0
BRDA:99,0,0,0
BRDA:99,0,1,0
BRDA:120,1,0,0
BRDA:120,1,1,0
BRDA:143,2,0,0
BRDA:143,2,1,0
BRDA:144,3,0,0
BRDA:144,3,1,0
BRDA:276,4,0,0
BRDA:276,4,1,0
BRDA:285,5,0,0
BRDA:285,5,1,0
BRDA:286,6,0,0
BRDA:286,6,1,0
BRDA:288,7,0,0
BRDA:288,7,1,0
BRDA:294,8,0,0
BRDA:294,8,1,0
BRDA:295,9,0,0
BRDA:295,9,1,0
BRDA:297,10,0,0
BRDA:297,10,1,0
BRDA:303,11,0,0
BRDA:303,11,1,0
BRDA:304,12,0,0
BRDA:304,12,1,0
BRDA:306,13,0,0
BRDA:306,13,1,0
BRDA:317,14,0,0
BRDA:317,14,1,0
BRDA:321,15,0,0
BRDA:321,15,1,0
BRDA:324,16,0,0
BRDA:324,16,1,0
BRDA:328,17,0,0
BRDA:328,17,1,0
BRDA:337,18,0,0
BRDA:337,18,1,0
BRDA:337,19,0,0
BRDA:337,19,1,0
BRDA:342,20,0,0
BRDA:342,20,1,0
BRDA:344,21,0,0
BRDA:344,21,1,0
BRDA:348,22,0,0
BRDA:348,22,1,0
BRDA:350,23,0,0
BRDA:350,23,1,0
BRDA:366,24,0,0
BRDA:366,24,1,0
BRDA:370,25,0,0
BRDA:370,25,1,0
BRDA:376,26,0,0
BRDA:376,26,1,0
BRDA:380,27,0,0
BRDA:380,27,1,0
BRDA:386,28,0,0
BRDA:386,28,1,0
BRDA:390,29,0,0
BRDA:390,29,1,0
BRDA:402,30,0,0
BRDA:402,30,1,0
BRDA:405,31,0,0
BRDA:405,31,1,0
BRDA:415,32,0,0
BRDA:415,32,1,0
BRDA:422,33,0,0
BRDA:422,33,1,0
BRF:68
BRH:0
end_of_record
TN:
SF:src/views/DataUploadPage.vue
FN:11,(anonymous_0)
FN:15,(anonymous_1)
FN:18,(anonymous_2)
FN:24,(anonymous_3)
FN:75,render
FN:77,(anonymous_5)
FN:81,(anonymous_6)
FNF:7
FNH:5
FNDA:4,(anonymous_0)
FNDA:0,(anonymous_1)
FNDA:2,(anonymous_2)
FNDA:2,(anonymous_3)
FNDA:5,render
FNDA:0,(anonymous_5)
FNDA:2,(anonymous_6)
DA:3,1
DA:6,1
DA:7,1
DA:9,1
DA:12,4
DA:13,4
DA:14,4
DA:15,4
DA:16,0
DA:18,4
DA:19,2
DA:20,2
DA:21,2
DA:24,4
DA:25,2
DA:30,1
DA:32,1
DA:34,0
DA:36,1
DA:39,1
DA:42,4
DA:52,1
DA:54,1
DA:57,1
DA:58,1
DA:59,1
DA:62,1
DA:65,1
DA:68,1
DA:71,1
DA:76,5
DA:77,0
DA:81,2
DA:88,1
LF:34
LH:31
BRDA:20,0,0,2
BRDA:20,0,1,0
BRDA:25,1,0,1
BRDA:25,1,1,1
BRDA:76,2,0,5
BRDA:76,2,1,4
BRDA:76,3,0,4
BRDA:76,3,1,1
BRDA:77,4,0,4
BRDA:77,4,1,4
BRDA:77,5,0,0
BRDA:77,5,1,0
BRDA:81,6,0,4
BRDA:81,6,1,4
BRDA:81,7,0,2
BRDA:81,7,1,2
BRDA:83,8,0,4
BRDA:83,8,1,4
BRDA:85,9,0,4
BRDA:85,9,1,4
BRDA:87,10,0,1
BRDA:87,10,1,4
BRF:22
BRH:19
end_of_record
TN:
SF:src/views/ForgotPasswordPage.vue
FN:29,(anonymous_0)
FN:43,(anonymous_1)
FN:50,(anonymous_2)
FN:53,(anonymous_3)
FN:88,(anonymous_4)
FN:131,(anonymous_5)
FN:191,(anonymous_6)
FN:192,(anonymous_7)
FN:196,(anonymous_8)
FN:197,(anonymous_9)
FN:265,render
FN:273,(anonymous_11)
FN:281,(anonymous_12)
FN:286,(anonymous_13)
FN:306,(anonymous_14)
FN:319,(anonymous_15)
FN:327,(anonymous_16)
FN:339,(anonymous_17)
FN:366,(anonymous_18)
FN:372,(anonymous_19)
FN:378,(anonymous_20)
FN:386,(anonymous_21)
FNF:22
FNH:16
FNDA:12,(anonymous_0)
FNDA:25,(anonymous_1)
FNDA:4,(anonymous_2)
FNDA:5,(anonymous_3)
FNDA:2,(anonymous_4)
FNDA:9,(anonymous_5)
FNDA:1,(anonymous_6)
FNDA:1,(anonymous_7)
FNDA:1,(anonymous_8)
FNDA:1,(anonymous_9)
FNDA:35,render
FNDA:0,(anonymous_11)
FNDA:5,(anonymous_12)
FNDA:0,(anonymous_13)
FNDA:8,(anonymous_14)
FNDA:0,(anonymous_15)
FNDA:0,(anonymous_16)
FNDA:0,(anonymous_17)
FNDA:0,(anonymous_18)
FNDA:4,(anonymous_19)
FNDA:2,(anonymous_20)
FNDA:24,(anonymous_21)
DA:3,1
DA:4,1
DA:7,1
DA:8,1
DA:9,1
DA:10,1
DA:11,1
DA:12,1
DA:13,1
DA:14,1
DA:15,1
DA:16,1
DA:17,1
DA:18,1
DA:19,1
DA:30,12
DA:31,12
DA:32,12
DA:34,12
DA:35,12
DA:36,12
DA:37,12
DA:38,12
DA:40,12
DA:43,12
DA:44,25
DA:45,5
DA:47,20
DA:50,12
DA:51,4
DA:53,12
DA:54,5
DA:55,1
DA:61,1
DA:63,4
DA:64,4
DA:66,4
DA:69,3
DA:70,3
DA:77,1
DA:78,1
DA:85,4
DA:88,12
DA:89,2
DA:90,1
DA:92,1
DA:96,1
DA:97,1
DA:98,1
DA:99,1
DA:106,0
DA:114,0
DA:115,0
DA:123,1
DA:131,12
DA:132,9
DA:133,4
DA:134,3
DA:135,1
DA:141,1
DA:144,2
DA:145,2
DA:146,0
DA:152,0
DA:154,2
DA:155,2
DA:156,2
DA:162,1
DA:169,1
DA:170,1
DA:177,2
DA:180,1
DA:188,5
DA:191,12
DA:192,1
DA:193,1
DA:196,12
DA:197,1
DA:198,1
DA:201,12
DA:219,1
DA:221,1
DA:222,1
DA:225,1
DA:226,1
DA:227,1
DA:228,1
DA:231,1
DA:234,1
DA:237,1
DA:240,1
DA:243,1
DA:246,1
DA:249,1
DA:255,1
DA:258,1
DA:261,1
DA:266,35
DA:267,35
DA:268,35
DA:269,35
DA:270,35
DA:271,35
DA:272,35
DA:273,0
DA:281,5
DA:286,0
DA:306,8
DA:319,0
DA:327,0
DA:339,0
DA:366,0
DA:372,4
DA:378,2
DA:389,24
DA:413,1
LF:116
LH:105
BRDA:44,0,0,5
BRDA:44,0,1,20
BRDA:45,1,0,5
BRDA:45,1,1,5
BRDA:45,1,2,3
BRDA:54,2,0,1
BRDA:54,2,1,4
BRDA:81,3,0,1
BRDA:81,3,1,0
BRDA:89,4,0,1
BRDA:89,4,1,1
BRDA:89,5,0,2
BRDA:89,5,1,1
BRDA:96,6,0,1
BRDA:96,6,1,0
BRDA:132,7,0,4
BRDA:132,7,1,5
BRDA:133,8,0,3
BRDA:133,8,1,1
BRDA:134,9,0,1
BRDA:134,9,1,2
BRDA:145,10,0,0
BRDA:145,10,1,2
BRDA:173,11,0,1
BRDA:173,11,1,0
BRDA:273,12,0,35
BRDA:273,12,1,12
BRDA:273,13,0,0
BRDA:273,13,1,0
BRDA:275,14,0,35
BRDA:275,14,1,12
BRDA:281,15,0,35
BRDA:281,15,1,12
BRDA:281,16,0,5
BRDA:281,16,1,5
BRDA:286,17,0,35
BRDA:286,17,1,12
BRDA:286,18,0,0
BRDA:286,18,1,0
BRDA:288,19,0,35
BRDA:288,19,1,12
BRDA:293,20,0,35
BRDA:293,20,1,12
BRDA:298,21,0,35
BRDA:298,21,1,12
BRDA:306,22,0,35
BRDA:306,22,1,12
BRDA:311,23,0,7
BRDA:311,23,1,28
BRDA:311,24,0,7
BRDA:311,24,1,5
BRDA:319,25,0,7
BRDA:319,25,1,5
BRDA:327,26,0,0
BRDA:327,26,1,0
BRDA:331,27,0,7
BRDA:331,27,1,5
BRDA:339,28,0,7
BRDA:339,28,1,5
BRDA:355,29,0,35
BRDA:355,29,1,12
BRDA:366,30,0,35
BRDA:366,30,1,12
BRDA:372,31,0,4
BRDA:372,31,1,3
BRDA:374,32,0,4
BRDA:374,32,1,3
BRDA:378,33,0,4
BRDA:378,33,1,3
BRDA:412,34,0,3
BRDA:412,34,1,32
BRF:71
BRH:61
end_of_record
TN:
SF:src/views/HomePage.vue
FN:21,(anonymous_0)
FN:25,(anonymous_1)
FN:43,(anonymous_2)
FN:52,(anonymous_3)
FN:89,render
FN:100,(anonymous_5)
FNF:6
FNH:0
FNDA:0,(anonymous_0)
FNDA:0,(anonymous_1)
FNDA:0,(anonymous_2)
FNDA:0,(anonymous_3)
FNDA:0,render
FNDA:0,(anonymous_5)
DA:3,0
DA:4,0
DA:7,0
DA:8,0
DA:9,0
DA:10,0
DA:11,0
DA:12,0
DA:13,0
DA:14,0
DA:15,0
DA:22,0
DA:25,0
DA:26,0
DA:27,0
DA:29,0
DA:38,0
DA:42,0
DA:43,0
DA:44,0
DA:45,0
DA:52,0
DA:53,0
DA:57,0
DA:62,0
DA:64,0
DA:65,0
DA:68,0
DA:69,0
DA:70,0
DA:71,0
DA:72,0
DA:73,0
DA:74,0
DA:75,0
DA:76,0
DA:77,0
DA:80,0
DA:83,0
DA:86,0
DA:90,0
DA:91,0
DA:92,0
DA:100,0
DA:128,0
LF:45
LH:0
BRDA:27,0,0,0
BRDA:27,0,1,0
BRDA:44,1,0,0
BRDA:44,1,1,0
BRDA:94,2,0,0
BRDA:94,2,1,0
BRDA:96,3,0,0
BRDA:96,3,1,0
BRDA:100,4,0,0
BRDA:100,4,1,0
BRDA:100,5,0,0
BRDA:100,5,1,0
BRDA:101,6,0,0
BRDA:101,6,1,0
BRDA:107,7,0,0
BRDA:107,7,1,0
BRDA:107,8,0,0
BRDA:107,8,1,0
BRDA:107,9,0,0
BRDA:107,9,1,0
BRDA:107,10,0,0
BRDA:107,10,1,0
BRDA:115,11,0,0
BRDA:115,11,1,0
BRF:24
BRH:0
end_of_record
TN:
SF:src/views/LoginPage.vue
FN:30,(anonymous_0)
FN:41,(anonymous_1)
FN:60,(anonymous_2)
FN:63,(anonymous_3)
FN:66,(anonymous_4)
FN:121,(anonymous_5)
FN:162,(anonymous_6)
FN:163,(anonymous_7)
FN:167,(anonymous_8)
FN:168,(anonymous_9)
FN:227,render
FN:235,(anonymous_11)
FN:243,(anonymous_12)
FN:244,(anonymous_13)
FN:250,(anonymous_14)
FN:269,(anonymous_15)
FN:282,(anonymous_16)
FN:318,(anonymous_17)
FN:324,(anonymous_18)
FN:330,(anonymous_19)
FN:338,(anonymous_20)
FNF:21
FNH:16
FNDA:17,(anonymous_0)
FNDA:17,(anonymous_1)
FNDA:32,(anonymous_2)
FNDA:6,(anonymous_3)
FNDA:7,(anonymous_4)
FNDA:1,(anonymous_5)
FNDA:1,(anonymous_6)
FNDA:1,(anonymous_7)
FNDA:1,(anonymous_8)
FNDA:1,(anonymous_9)
FNDA:49,render
FNDA:0,(anonymous_11)
FNDA:3,(anonymous_12)
FNDA:0,(anonymous_13)
FNDA:0,(anonymous_14)
FNDA:10,(anonymous_15)
FNDA:10,(anonymous_16)
FNDA:0,(anonymous_17)
FNDA:6,(anonymous_18)
FNDA:0,(anonymous_19)
FNDA:36,(anonymous_20)
DA:3,1
DA:4,1
DA:7,1
DA:8,1
DA:9,1
DA:10,1
DA:11,1
DA:12,1
DA:13,1
DA:14,1
DA:15,1
DA:16,1
DA:17,1
DA:18,1
DA:19,1
DA:20,1
DA:31,17
DA:32,17
DA:33,17
DA:34,17
DA:35,17
DA:36,17
DA:38,17
DA:41,17
DA:42,17
DA:43,17
DA:45,0
DA:54,17
DA:60,17
DA:61,32
DA:63,17
DA:64,6
DA:66,17
DA:67,7
DA:68,6
DA:69,6
DA:71,6
DA:77,6
DA:80,5
DA:81,3
DA:82,3
DA:90,1
DA:91,1
DA:92,1
DA:94,1
DA:102,2
DA:103,2
DA:110,6
DA:113,1
DA:121,17
DA:122,1
DA:123,1
DA:125,1
DA:130,1
DA:133,0
DA:134,0
DA:135,0
DA:136,0
DA:138,0
DA:145,1
DA:146,1
DA:154,0
DA:162,17
DA:163,1
DA:164,1
DA:167,17
DA:168,1
DA:169,1
DA:172,17
DA:187,1
DA:189,1
DA:190,1
DA:193,1
DA:194,1
DA:195,1
DA:196,1
DA:199,1
DA:202,1
DA:205,1
DA:208,1
DA:211,1
DA:217,1
DA:220,1
DA:223,1
DA:228,49
DA:229,49
DA:230,49
DA:231,49
DA:232,49
DA:233,49
DA:234,49
DA:235,0
DA:243,3
DA:244,0
DA:250,0
DA:269,10
DA:282,10
DA:318,0
DA:324,6
DA:330,0
DA:341,36
DA:365,1
LF:102
LH:90
BRDA:43,0,0,0
BRDA:43,0,1,17
BRDA:61,1,0,32
BRDA:61,1,1,15
BRDA:67,2,0,6
BRDA:67,2,1,1
BRDA:80,3,0,3
BRDA:80,3,1,1
BRDA:106,4,0,2
BRDA:106,4,1,1
BRDA:122,5,0,1
BRDA:122,5,1,0
BRDA:235,6,0,49
BRDA:235,6,1,17
BRDA:235,7,0,0
BRDA:235,7,1,0
BRDA:237,8,0,49
BRDA:237,8,1,17
BRDA:243,9,0,49
BRDA:243,9,1,17
BRDA:243,10,0,3
BRDA:243,10,1,3
BRDA:244,11,0,49
BRDA:244,11,1,17
BRDA:244,12,0,0
BRDA:244,12,1,0
BRDA:250,13,0,49
BRDA:250,13,1,17
BRDA:250,14,0,0
BRDA:250,14,1,0
BRDA:251,15,0,49
BRDA:251,15,1,17
BRDA:256,16,0,49
BRDA:256,16,1,17
BRDA:261,17,0,49
BRDA:261,17,1,17
BRDA:269,18,0,49
BRDA:269,18,1,17
BRDA:274,19,0,49
BRDA:274,19,1,17
BRDA:282,20,0,49
BRDA:282,20,1,17
BRDA:307,21,0,49
BRDA:307,21,1,17
BRDA:318,22,0,49
BRDA:318,22,1,17
BRDA:324,23,0,6
BRDA:324,23,1,6
BRDA:326,24,0,6
BRDA:326,24,1,6
BRDA:330,25,0,6
BRDA:330,25,1,6
BRDA:364,26,0,8
BRDA:364,26,1,41
BRF:54
BRH:46
end_of_record
TN:
SF:src/views/RegisterPage.vue
FN:25,(anonymous_0)
FN:34,(anonymous_1)
FN:37,(anonymous_2)
FN:114,(anonymous_3)
FN:115,(anonymous_4)
FN:119,(anonymous_5)
FN:120,(anonymous_6)
FN:176,render
FN:182,(anonymous_8)
FN:190,(anonymous_9)
FN:191,(anonymous_10)
FN:196,(anonymous_11)
FN:223,(anonymous_12)
FN:235,(anonymous_13)
FN:248,(anonymous_14)
FN:256,(anonymous_15)
FN:268,(anonymous_16)
FNF:17
FNH:13
FNDA:10,(anonymous_0)
FNDA:22,(anonymous_1)
FNDA:7,(anonymous_2)
FNDA:1,(anonymous_3)
FNDA:1,(anonymous_4)
FNDA:1,(anonymous_5)
FNDA:1,(anonymous_6)
FNDA:37,render
FNDA:0,(anonymous_8)
FNDA:7,(anonymous_9)
FNDA:0,(anonymous_10)
FNDA:0,(anonymous_11)
FNDA:16,(anonymous_12)
FNDA:6,(anonymous_13)
FNDA:16,(anonymous_14)
FNDA:0,(anonymous_15)
FNDA:6,(anonymous_16)
DA:3,1
DA:4,1
DA:7,1
DA:8,1
DA:9,1
DA:10,1
DA:11,1
DA:12,1
DA:13,1
DA:14,1
DA:15,1
DA:16,1
DA:17,1
DA:26,10
DA:27,10
DA:28,10
DA:29,10
DA:30,10
DA:31,10
DA:32,10
DA:34,10
DA:35,22
DA:37,10
DA:38,7
DA:39,6
DA:42,6
DA:43,6
DA:44,1
DA:50,1
DA:51,1
DA:53,5
DA:54,1
DA:60,1
DA:61,1
DA:65,4
DA:66,4
DA:67,1
DA:73,1
DA:74,1
DA:76,3
DA:78,3
DA:84,3
DA:85,2
DA:88,2
DA:95,1
DA:96,1
DA:103,3
DA:106,1
DA:114,10
DA:115,1
DA:116,1
DA:119,10
DA:120,1
DA:121,1
DA:124,10
DA:137,1
DA:139,1
DA:140,1
DA:143,1
DA:144,1
DA:145,1
DA:146,1
DA:149,1
DA:152,1
DA:155,1
DA:158,1
DA:161,1
DA:164,1
DA:167,1
DA:170,1
DA:177,37
DA:178,37
DA:179,37
DA:180,37
DA:181,37
DA:182,0
DA:190,7
DA:191,0
DA:196,0
DA:223,16
DA:235,6
DA:248,16
DA:256,0
DA:268,6
DA:294,1
LF:85
LH:81
BRDA:35,0,0,22
BRDA:35,0,1,6
BRDA:35,0,2,6
BRDA:35,0,3,6
BRDA:38,1,0,6
BRDA:38,1,1,1
BRDA:43,2,0,1
BRDA:43,2,1,5
BRDA:53,3,0,1
BRDA:53,3,1,4
BRDA:66,4,0,1
BRDA:66,4,1,3
BRDA:99,5,0,1
BRDA:99,5,1,0
BRDA:182,6,0,37
BRDA:182,6,1,10
BRDA:182,7,0,0
BRDA:182,7,1,0
BRDA:184,8,0,37
BRDA:184,8,1,10
BRDA:190,9,0,37
BRDA:190,9,1,10
BRDA:190,10,0,7
BRDA:190,10,1,7
BRDA:191,11,0,37
BRDA:191,11,1,10
BRDA:191,12,0,0
BRDA:191,12,1,0
BRDA:196,13,0,37
BRDA:196,13,1,10
BRDA:196,14,0,0
BRDA:196,14,1,0
BRDA:198,15,0,37
BRDA:198,15,1,10
BRDA:203,16,0,37
BRDA:203,16,1,10
BRDA:215,17,0,37
BRDA:215,17,1,10
BRDA:223,18,0,37
BRDA:223,18,1,10
BRDA:227,19,0,37
BRDA:227,19,1,10
BRDA:235,20,0,37
BRDA:235,20,1,10
BRDA:240,21,0,37
BRDA:240,21,1,10
BRDA:248,22,0,37
BRDA:248,22,1,10
BRDA:256,23,0,0
BRDA:256,23,1,0
BRDA:260,24,0,37
BRDA:260,24,1,10
BRDA:268,25,0,37
BRDA:268,25,1,10
BRDA:284,26,0,37
BRDA:284,26,1,10
BRF:56
BRH:47
end_of_record
TN:
SF:src/views/ReportsPage.vue
FN:20,(anonymous_0)
FN:31,(anonymous_1)
FN:38,(anonymous_2)
FN:189,render
FN:197,(anonymous_4)
FN:201,(anonymous_5)
FN:212,(anonymous_6)
FN:218,(anonymous_7)
FN:224,(anonymous_8)
FN:233,(anonymous_9)
FN:235,(anonymous_10)
FN:240,(anonymous_11)
FNF:12
FNH:4
FNDA:3,(anonymous_0)
FNDA:1,(anonymous_1)
FNDA:2,(anonymous_2)
FNDA:3,render
FNDA:0,(anonymous_4)
FNDA:0,(anonymous_5)
FNDA:0,(anonymous_6)
FNDA:0,(anonymous_7)
FNDA:0,(anonymous_8)
FNDA:0,(anonymous_9)
FNDA:0,(anonymous_10)
FNDA:0,(anonymous_11)
DA:3,1
DA:4,1
DA:7,1
DA:8,1
DA:9,1
DA:10,1
DA:11,1
DA:12,1
DA:13,1
DA:14,1
DA:21,3
DA:22,3
DA:23,3
DA:24,3
DA:25,3
DA:26,3
DA:27,3
DA:28,3
DA:29,3
DA:31,3
DA:32,1
DA:33,1
DA:35,0
DA:38,3
DA:39,2
DA:40,0
DA:41,0
DA:43,2
DA:44,1
DA:50,1
DA:52,1
DA:53,1
DA:59,1
DA:61,0
DA:62,0
DA:69,0
DA:70,0
DA:73,0
DA:76,0
DA:77,0
DA:78,0
DA:81,0
DA:82,0
DA:85,0
DA:86,0
DA:87,0
DA:88,0
DA:89,0
DA:90,0
DA:91,0
DA:92,0
DA:93,0
DA:96,0
DA:99,0
DA:100,0
DA:101,0
DA:104,0
DA:105,0
DA:108,0
DA:109,0
DA:110,0
DA:111,0
DA:114,0
DA:115,0
DA:116,0
DA:117,0
DA:119,0
DA:122,0
DA:125,3
DA:139,1
DA:141,1
DA:144,1
DA:145,1
DA:146,1
DA:149,1
DA:152,1
DA:155,1
DA:158,1
DA:162,1
DA:165,1
DA:168,1
DA:171,1
DA:174,1
DA:178,1
DA:182,1
DA:185,1
DA:190,3
DA:191,3
DA:192,3
DA:197,0
DA:201,0
DA:212,0
DA:218,0
DA:224,0
DA:233,0
DA:235,0
DA:240,0
DA:255,1
LF:98
LH:52
BRDA:32,0,0,1
BRDA:32,0,1,0
BRDA:32,1,0,1
BRDA:32,1,1,1
BRDA:39,2,0,0
BRDA:39,2,1,2
BRDA:39,3,0,2
BRDA:39,3,1,0
BRDA:43,4,0,1
BRDA:43,4,1,1
BRDA:52,5,0,1
BRDA:52,5,1,0
BRDA:64,6,0,0
BRDA:64,6,1,0
BRDA:69,7,0,0
BRDA:69,7,1,0
BRDA:89,8,0,0
BRDA:89,8,1,0
BRDA:92,9,0,0
BRDA:92,9,1,0
BRDA:114,10,0,0
BRDA:114,10,1,0
BRDA:115,11,0,0
BRDA:115,11,1,0
BRDA:115,11,2,0
BRDA:116,12,0,0
BRDA:116,12,1,0
BRDA:194,13,0,3
BRDA:194,13,1,0
BRDA:194,14,0,3
BRDA:194,14,1,3
BRDA:197,15,0,3
BRDA:197,15,1,3
BRDA:197,16,0,0
BRDA:197,16,1,0
BRDA:198,17,0,3
BRDA:198,17,1,3
BRDA:201,18,0,3
BRDA:201,18,1,3
BRDA:204,19,0,3
BRDA:204,19,1,3
BRDA:208,20,0,0
BRDA:208,20,1,3
BRDA:208,21,0,0
BRDA:208,21,1,0
BRDA:210,22,0,0
BRDA:210,22,1,0
BRDA:212,23,0,0
BRDA:212,23,1,0
BRDA:216,24,0,0
BRDA:216,24,1,0
BRDA:218,25,0,0
BRDA:218,25,1,0
BRDA:222,26,0,0
BRDA:222,26,1,0
BRDA:224,27,0,0
BRDA:224,27,1,0
BRDA:228,28,0,0
BRDA:228,28,1,0
BRDA:228,29,0,0
BRDA:228,29,1,0
BRDA:233,30,0,0
BRDA:233,30,1,0
BRDA:235,31,0,0
BRDA:235,31,1,0
BRDA:235,32,0,0
BRDA:235,32,1,0
BRDA:237,33,0,0
BRDA:237,33,1,0
BRDA:237,34,0,3
BRDA:237,34,1,3
BRDA:240,35,0,3
BRDA:240,35,1,3
BRDA:243,36,0,3
BRDA:243,36,1,3
BRDA:249,37,0,3
BRDA:249,37,1,3
BRDA:251,38,0,3
BRDA:251,38,1,3
BRDA:254,39,0,0
BRDA:254,39,1,3
BRF:81
BRH:31
end_of_record
